<?xml version="1.0" encoding="UTF-8"?>
<testng-results ignored="0" total="2" passed="2" failed="0" skipped="0">
  <reporter-output>
  </reporter-output>
  <suite started-at="2024-03-19T21:49:25 IST" name="Suite" finished-at="2024-03-19T21:49:29 IST" duration-ms="4799">
    <groups>
      <group name="cucumber">
        <method signature="AbstractTestNGCucumberTests.runScenario(io.cucumber.testng.PickleWrapper,io.cucumber.testng.FeatureWrapper)[pri:0, instance:runner.Tag_Campaign_RunnerClass@4a94ee4]" name="runScenario" class="io.cucumber.testng.AbstractTestNGCucumberTests"/>
      </group> <!-- cucumber -->
    </groups>
    <test started-at="2024-03-19T21:49:25 IST" name="Test" finished-at="2024-03-19T21:49:29 IST" duration-ms="4799">
      <class name="runner.Tag_Campaign_RunnerClass">
        <test-method is-config="true" signature="setUpClass(org.testng.ITestContext)[pri:0, instance:runner.Tag_Campaign_RunnerClass@4a94ee4]" started-at="2024-03-19T21:49:25 IST" name="setUpClass" finished-at="2024-03-19T21:49:26 IST" duration-ms="1735" status="PASS">
          <params>
            <param index="0">
              <value>
                <![CDATA[org.testng.TestRunner@4650a407]]>
              </value>
            </param>
          </params>
          <reporter-output>
          </reporter-output>
        </test-method> <!-- setUpClass -->
        <test-method signature="runScenario(io.cucumber.testng.PickleWrapper,io.cucumber.testng.FeatureWrapper)[pri:0, instance:runner.Tag_Campaign_RunnerClass@4a94ee4]" started-at="2024-03-19T21:49:26 IST" name="runScenario" description="Runs Cucumber Scenarios" data-provider="scenarios" finished-at="2024-03-19T21:49:27 IST" duration-ms="243" status="PASS">
          <params>
            <param index="0">
              <value>
                <![CDATA["creation of Campaign"]]>
              </value>
            </param>
            <param index="1">
              <value>
                <![CDATA["Campaign Functionality"]]>
              </value>
            </param>
          </params>
          <reporter-output>
          </reporter-output>
        </test-method> <!-- runScenario -->
        <test-method signature="runScenario(io.cucumber.testng.PickleWrapper,io.cucumber.testng.FeatureWrapper)[pri:0, instance:runner.Tag_Campaign_RunnerClass@4a94ee4]" started-at="2024-03-19T21:49:27 IST" name="runScenario" description="Runs Cucumber Scenarios" data-provider="scenarios" finished-at="2024-03-19T21:49:27 IST" duration-ms="74" status="PASS">
          <params>
            <param index="0">
              <value>
                <![CDATA["Sent Campaign"]]>
              </value>
            </param>
            <param index="1">
              <value>
                <![CDATA["Campaign Functionality"]]>
              </value>
            </param>
          </params>
          <reporter-output>
          </reporter-output>
        </test-method> <!-- runScenario -->
        <test-method is-config="true" signature="tearDownClass()[pri:0, instance:runner.Tag_Campaign_RunnerClass@4a94ee4]" started-at="2024-03-19T21:49:27 IST" name="tearDownClass" finished-at="2024-03-19T21:49:29 IST" duration-ms="2609" status="PASS">
          <reporter-output>
          </reporter-output>
        </test-method> <!-- tearDownClass -->
      </class> <!-- runner.Tag_Campaign_RunnerClass -->
    </test> <!-- Test -->
  </suite> <!-- Suite -->
</testng-results>
